{
  "RSpec": {
    "coverage": {
      "/home/jasmine-carter/tic-tac-toe-rb-online-web-sp-000/lib/tic_tac_toe.rb": [
        null,
        1,
        null,
        null,
        null,
        null,
        null,
        null,
        null,
        null,
        1,
        11,
        null,
        null,
        1,
        13,
        null,
        null,
        1,
        12,
        null,
        null,
        1,
        15,
        12,
        null,
        3,
        null,
        null,
        null,
        1,
        13,
        10,
        null,
        null,
        null,
        1,
        10,
        10,
        10,
        10,
        1,
        null,
        9,
        9,
        null,
        null,
        null,
        1,
        2,
        2,
        18,
        5,
        null,
        null,
        2,
        null,
        null,
        1,
        1,
        1,
        null,
        0,
        null,
        null,
        null,
        1,
        16,
        72,
        null,
        null,
        null,
        1,
        13,
        3,
        10,
        5,
        5,
        5,
        null,
        null,
        null,
        1,
        37,
        222,
        222,
        222,
        null,
        222,
        222,
        222,
        null,
        222,
        18,
        204,
        5,
        null,
        null,
        14,
        null,
        null,
        1,
        3,
        2,
        null,
        null,
        null,
        1,
        4,
        1,
        3,
        3,
        3,
        3,
        3,
        null,
        3,
        3,
        3,
        3,
        null,
        null,
        null,
        null,
        1,
        4,
        7,
        null,
        4,
        1,
        1,
        3,
        0,
        null,
        null
      ]
    },
    "timestamp": 1557690675
  }
}
