{
  "RSpec": {
    "coverage": {
      "/home/jasmine-carter/tic-tac-toe-rb-online-web-sp-000/lib/tic_tac_toe.rb": [
        null,
        1,
        null,
        null,
        null,
        null,
        null,
        null,
        null,
        null,
        1,
        4,
        null,
        null,
        1,
        6,
        null,
        null,
        1,
        5,
        null,
        null,
        1,
        8,
        5,
        null,
        3,
        null,
        null,
        null,
        1,
        6,
        3,
        null,
        null,
        null,
        1,
        3,
        3,
        3,
        3,
        1,
        null,
        2,
        2,
        null,
        null,
        null,
        1,
        2,
        2,
        18,
        5,
        null,
        null,
        2,
        null,
        null,
        1,
        1,
        1,
        null,
        0,
        null,
        null,
        null,
        1,
        3,
        20,
        null,
        null,
        null,
        1,
        2,
        1,
        1,
        1,
        0,
        0,
        null,
        null,
        null,
        1,
        3,
        22,
        22,
        22,
        null,
        22,
        22,
        22,
        null,
        22,
        1,
        21,
        0,
        null,
        null,
        2,
        null,
        null,
        1,
        0,
        0,
        null,
        null,
        null,
        1,
        0,
        0,
        0,
        0,
        0,
        0,
        0,
        null,
        0,
        0,
        0,
        0,
        null,
        null,
        null,
        null,
        1,
        0,
        0,
        null,
        0,
        0,
        0,
        0,
        0,
        null,
        null
      ]
    },
    "timestamp": 1557690436
  }
}
